
	            G L O B A L   R E F E R E N C E S

	             Name               Value        Type
	==============================|=======|===============
	CR                               000A         CONSTANT
	FIM_TEXTO                        0040         CONSTANT
	FIM_MAPA                         0063         CONSTANT
	IO_READ                          FFFF         CONSTANT
	IO_WRITE                         FFFE         CONSTANT
	IO_STATUS                        FFFD         CONSTANT
	INITIAL_SP                       FDFF         CONSTANT
	CURSOR                           FFFC         CONSTANT
	CURSOR_INIT                      FFFF         CONSTANT
	ROW_POSITION                     0000         CONSTANT
	COL_POSITION                     0000         CONSTANT
	ROW_SHIFT                        0008         CONSTANT
	COLUMN_SHIFT                     0008         CONSTANT
	PACMAN_X                         0001         CONSTANT
	PACMAN_Y                         0001         CONSTANT
	DOWN                             0000         CONSTANT
	UP                               0001         CONSTANT
	LEFT                             0002         CONSTANT
	RIGHT                            0003         CONSTANT
	STOP                             0004         CONSTANT
	TIMER_UNITS                      FFF6         CONSTANT
	ACTIVATE_TIMER                   FFF7         CONSTANT
	ON                               0001         CONSTANT
	OFF                              0000         CONSTANT
	POSICAO_INICIAL                  8052         CONSTANT
	POSICAO_FANTASMA1                80F7         CONSTANT
	POSICAO_FANTASMA2                80A5         CONSTANT
	POSICAO_FANTASMA3                8123         CONSTANT
	RND_MASK                         1F50         CONSTANT
	LSB_MASK                         0001         CONSTANT
	PRIME_NUMBER_1                   000B         CONSTANT
	PRIME_NUMBER_2                   000D         CONSTANT
	L1                               8000           STRING
	L2                               8051           STRING
	L3                               80A2           STRING
	L4                               80F3           STRING
	L5                               8144           STRING
	L6                               8195           STRING
	L7                               81E6           STRING
	L8                               8237           STRING
	L9                               8288           STRING
	L10                              82D9           STRING
	L11                              832A           STRING
	L12                              837B           STRING
	L13                              83CC           STRING
	L14                              841D           STRING
	L15                              846E           STRING
	L16                              84BF           STRING
	L17                              8510           STRING
	L18                              8561           STRING
	L19                              85B2           STRING
	L20                              8603           STRING
	L21                              8654           STRING
	L22                              86A5           STRING
	L23                              86F6           STRING
	L24                              8747           STRING
	Derrota                          8798           STRING
	Vitoria                          87A2           STRING
	RowIndex                         87AB         VARIABLE
	ColumnIndex                      87AC         VARIABLE
	TextIndex                        87AD         VARIABLE
	YFim                             87AE         VARIABLE
	EnderecoString                   87AF         VARIABLE
	PacmanDirection                  87B0         VARIABLE
	PacmanNovoX                      87B1         VARIABLE
	PacmanNovoY                      87B2         VARIABLE
	PacmanEndereco                   87B3         VARIABLE
	Unidade                          87B4         VARIABLE
	Dezena                           87B5         VARIABLE
	Centena                          87B6         VARIABLE
	linha_Pontos                     87B7         VARIABLE
	coluna_Pontos                    87B8         VARIABLE
	flagWin                          87B9         VARIABLE
	Vidas                            87BA         VARIABLE
	linha_vida                       87BB         VARIABLE
	coluna_vida                      87BC         VARIABLE
	Random_var                       87BD         VARIABLE
	DirecaoGhost1                    87BE         VARIABLE
	XGhost1                          87BF         VARIABLE
	YGhost1                          87C0         VARIABLE
	PosGhost1                        87C1         VARIABLE
	DirecaoGhost2                    87C2         VARIABLE
	XGhost2                          87C3         VARIABLE
	YGhost2                          87C4         VARIABLE
	PosGhost2                        87C5         VARIABLE
	DirecaoGhost3                    87C6         VARIABLE
	XGhost3                          87C7         VARIABLE
	YGhost3                          87C8         VARIABLE
	PosGhost3                        87C9         VARIABLE
	INT0                             FE00         VARIABLE
	INT1                             FE01         VARIABLE
	INT2                             FE02         VARIABLE
	INT3                             FE03         VARIABLE
	INT15                            FE0F         VARIABLE
	Timer                            0002            LABEL
	ColisaoGhostPacman               005F            LABEL
	checkGhost2                      0070            LABEL
	checkGhost3                      007E            LABEL
	colisaoDetectada                 008C            LABEL
	notDead                          0092            LABEL
	checkWin                         0096            LABEL
	Lose                             00B3            LABEL
	NaoGanhou                        00B8            LABEL
	Win                              00BA            LABEL
	printWinLose                     00C5            LABEL
	Perdeu                           00D6            LABEL
	Continue                         00D8            LABEL
	WhileFIM                         00DC            LABEL
	FimVitoria                       00F0            LABEL
	diminuirVida                     00F4            LABEL
	ResetMapa                        0107            LABEL
	MoverDireita                     0124            LABEL
	MoverEsquerda                    012B            LABEL
	MoverCima                        0132            LABEL
	MoverBaixo                       0139            LABEL
	MovimentaDireita                 0140            LABEL
	MovimentaEsquerda                016B            LABEL
	MovimentaBaixo                   0196            LABEL
	MovimentaCima                    01C1            LABEL
	VerificaMovimento                01EC            LABEL
	VerificaDireita                  0203            LABEL
	VerificaEsquerda                 0214            LABEL
	VerificaBaixo                    0225            LABEL
	VerificaCima                     0237            LABEL
	Parede                           0249            LABEL
	Ponto                            0250            LABEL
	PontoDireita                     027B            LABEL
	PontoEsquerda                    0286            LABEL
	PontoCima                        0291            LABEL
	PontoBaixo                       029D            LABEL
	aumentaDezena                    02A9            LABEL
	aumentaCentena                   02BB            LABEL
	VerificaMovimentoGhost1          02C6            LABEL
	MovimentaBaixoGhost1             02DD            LABEL
	MovimentaCimaGhost1              0303            LABEL
	MovimentaDireitaGhost1           0329            LABEL
	MovimentaEsquerdaGhost1          034F            LABEL
	VerificaBaixoGhost1              0374            LABEL
	VerificaCimaGhost1               0382            LABEL
	VerificaDireitaGhost1            0390            LABEL
	VerificaEsquerdaGhost1           039D            LABEL
	ParedeGhost                      03AA            LABEL
	GhostAI                          03B5            LABEL
	CheckVertical                    03CB            LABEL
	TryRight                         03D3            LABEL
	TryLeft                          03E1            LABEL
	TryDown                          03EF            LABEL
	TryUp                            03FD            LABEL
	EndGhostAI                       040B            LABEL
	Random                           0410            LABEL
	RandomDirection                  041B            LABEL
	VerificaMovimentoGhost2          0427            LABEL
	MovimentaBaixoGhost2             043E            LABEL
	MovimentaCimaGhost2              0464            LABEL
	MovimentaDireitaGhost2           048A            LABEL
	MovimentaEsquerdaGhost2          04B0            LABEL
	VerificaBaixoGhost2              04D5            LABEL
	VerificaCimaGhost2               04E3            LABEL
	VerificaDireitaGhost2            04F1            LABEL
	VerificaEsquerdaGhost2           04FE            LABEL
	ParedeGhost2                     050B            LABEL
	GhostAI2                         0516            LABEL
	CheckVertical2                   052C            LABEL
	TryRight2                        0534            LABEL
	TryLeft2                         0542            LABEL
	TryDown2                         0550            LABEL
	TryUp2                           055E            LABEL
	EndGhostAI2                      056C            LABEL
	Random2                          0571            LABEL
	RandomDirection2                 057C            LABEL
	VerificaMovimentoGhost3          0588            LABEL
	MovimentaBaixoGhost3             059F            LABEL
	MovimentaCimaGhost3              05C5            LABEL
	MovimentaDireitaGhost3           05EB            LABEL
	MovimentaEsquerdaGhost3          0611            LABEL
	VerificaBaixoGhost3              0636            LABEL
	VerificaCimaGhost3               0644            LABEL
	VerificaDireitaGhost3            0652            LABEL
	VerificaEsquerdaGhost3           065F            LABEL
	ParedeGhost3                     066C            LABEL
	GhostAI3                         0677            LABEL
	CheckVertical3                   068D            LABEL
	TryRight3                        0695            LABEL
	TryLeft3                         06A3            LABEL
	TryDown3                         06B1            LABEL
	TryUp3                           06BF            LABEL
	EndGhostAI3                      06CD            LABEL
	Random3                          06D2            LABEL
	RandomDirection3                 06DD            LABEL
	PrintarMapa                      06E9            LABEL
	While                            06F0            LABEL
	EndWhile                         070B            LABEL
	FimPrintMapa                     0715            LABEL
	PrintPontos                      071D            LABEL
	Configura_Timer                  074C            LABEL
	Main                             0759            LABEL
	Cycle                            07B6            LABEL
	Halt                             07B7            LABEL
