
	            G L O B A L   R E F E R E N C E S

	             Name               Value        Type
	==============================|=======|===============
	CR                               000A         CONSTANT
	FIM_TEXTO                        0040         CONSTANT
	FIM_MAPA                         0063         CONSTANT
	IO_READ                          FFFF         CONSTANT
	IO_WRITE                         FFFE         CONSTANT
	IO_STATUS                        FFFD         CONSTANT
	INITIAL_SP                       FDFF         CONSTANT
	CURSOR                           FFFC         CONSTANT
	CURSOR_INIT                      FFFF         CONSTANT
	ROW_POSITION                     0000         CONSTANT
	COL_POSITION                     0000         CONSTANT
	ROW_SHIFT                        0008         CONSTANT
	COLUMN_SHIFT                     0008         CONSTANT
	PACMAN_X                         0001         CONSTANT
	PACMAN_Y                         0001         CONSTANT
	DOWN                             0000         CONSTANT
	UP                               0001         CONSTANT
	LEFT                             0002         CONSTANT
	RIGHT                            0003         CONSTANT
	STOP                             0004         CONSTANT
	TIMER_UNITS                      FFF6         CONSTANT
	ACTIVATE_TIMER                   FFF7         CONSTANT
	ON                               0001         CONSTANT
	OFF                              0000         CONSTANT
	POSICAO_INICIAL                  8052         CONSTANT
	RND_MASK                         8016         CONSTANT
	LSB_MASK                         0001         CONSTANT
	PRIME_NUMBER_1                   000B         CONSTANT
	PRIME_NUMBER_2                   000D         CONSTANT
	L1                               8000           STRING
	L2                               8051           STRING
	L3                               80A2           STRING
	L4                               80F3           STRING
	L5                               8144           STRING
	L6                               8195           STRING
	L7                               81E6           STRING
	L8                               8237           STRING
	L9                               8288           STRING
	L10                              82D9           STRING
	L11                              832A           STRING
	L12                              837B           STRING
	L13                              83CC           STRING
	L14                              841D           STRING
	L15                              846E           STRING
	L16                              84BF           STRING
	L17                              8510           STRING
	L18                              8561           STRING
	L19                              85B2           STRING
	L20                              8603           STRING
	L21                              8654           STRING
	L22                              86A5           STRING
	L23                              86F6           STRING
	L24                              8747           STRING
	Derrota                          8798           STRING
	Vitoria                          87A2           STRING
	RowIndex                         87AB         VARIABLE
	ColumnIndex                      87AC         VARIABLE
	TextIndex                        87AD         VARIABLE
	YFim                             87AE         VARIABLE
	EnderecoString                   87AF         VARIABLE
	PacmanDirection                  87B0         VARIABLE
	PacmanNovoX                      87B1         VARIABLE
	PacmanNovoY                      87B2         VARIABLE
	PacmanEndereco                   87B3         VARIABLE
	Unidade                          87B4         VARIABLE
	Dezena                           87B5         VARIABLE
	Centena                          87B6         VARIABLE
	linha_Pontos                     87B7         VARIABLE
	coluna_Pontos                    87B8         VARIABLE
	flagWin                          87B9         VARIABLE
	Vidas                            87BA         VARIABLE
	linha_vida                       87BB         VARIABLE
	coluna_vida                      87BC         VARIABLE
	random_Var                       87BD         VARIABLE
	DirecaoGhost1                    87BE         VARIABLE
	XGhost1                          87BF         VARIABLE
	YGhost1                          87C0         VARIABLE
	PosGhost1                        87C1         VARIABLE
	DirecaoGhost2                    87C2         VARIABLE
	XGhost2                          87C3         VARIABLE
	YGhost2                          87C4         VARIABLE
	PosGhost2                        87C5         VARIABLE
	DirecaoGhost3                    87C6         VARIABLE
	XGhost3                          87C7         VARIABLE
	YGhost3                          87C8         VARIABLE
	PosGhost3                        87C9         VARIABLE
	INT0                             FE00         VARIABLE
	INT1                             FE01         VARIABLE
	INT2                             FE02         VARIABLE
	INT3                             FE03         VARIABLE
	INT15                            FE0F         VARIABLE
	Timer                            0002            LABEL
	ColisaoGhostPacman               005F            LABEL
	checkGhost2                      0071            LABEL
	checkGhost3                      007B            LABEL
	colisaoDetectada                 0085            LABEL
	notDead                          008B            LABEL
	checkWin                         0090            LABEL
	Lose                             00AD            LABEL
	NaoGanhou                        00B2            LABEL
	Win                              00B4            LABEL
	printWinLose                     00BF            LABEL
	Perdeu                           00D0            LABEL
	Continue                         00D2            LABEL
	WhileFIM                         00D6            LABEL
	FimVitoria                       00EA            LABEL
	diminuirVida                     00EE            LABEL
	ResetMapa                        0101            LABEL
	MoverDireita                     011E            LABEL
	MoverEsquerda                    0125            LABEL
	MoverCima                        012C            LABEL
	MoverBaixo                       0133            LABEL
	MovimentaDireita                 013A            LABEL
	MovimentaEsquerda                0165            LABEL
	MovimentaBaixo                   0190            LABEL
	MovimentaCima                    01BB            LABEL
	VerificaMovimento                01E6            LABEL
	VerificaDireita                  01FD            LABEL
	VerificaEsquerda                 020E            LABEL
	VerificaBaixo                    021F            LABEL
	VerificaCima                     0231            LABEL
	Parede                           0243            LABEL
	Ponto                            024A            LABEL
	PontoDireita                     0275            LABEL
	PontoEsquerda                    0280            LABEL
	PontoCima                        028B            LABEL
	PontoBaixo                       0297            LABEL
	aumentaDezena                    02A3            LABEL
	aumentaCentena                   02B5            LABEL
	VerificaMovimentoGhost1          02C0            LABEL
	MovimentaBaixoGhost1             02D7            LABEL
	MovimentaCimaGhost1              02FD            LABEL
	MovimentaDireitaGhost1           0323            LABEL
	MovimentaEsquerdaGhost1          0349            LABEL
	VerificaBaixoGhost1              036E            LABEL
	VerificaCimaGhost1               037C            LABEL
	VerificaDireitaGhost1            038A            LABEL
	VerificaEsquerdaGhost1           0397            LABEL
	ParedeGhost                      03A4            LABEL
	ghostInteligence                 03AF            LABEL
	CheckVertical                    03C5            LABEL
	TryRight                         03CD            LABEL
	TryLeft                          03DB            LABEL
	TryDown                          03E9            LABEL
	TryUp                            03F7            LABEL
	EndghostInteligence              0405            LABEL
	RandomV1                         040A            LABEL
	RandomDirection                  0415            LABEL
	VerificaMovimentoGhost2          0421            LABEL
	MovimentaBaixoGhost2             0438            LABEL
	MovimentaCimaGhost2              045E            LABEL
	MovimentaDireitaGhost2           0484            LABEL
	MovimentaEsquerdaGhost2          04AA            LABEL
	VerificaBaixoGhost2              04CF            LABEL
	VerificaCimaGhost2               04DD            LABEL
	VerificaDireitaGhost2            04EB            LABEL
	VerificaEsquerdaGhost2           04F8            LABEL
	ParedeGhost2                     0505            LABEL
	ghostInteligence2                0510            LABEL
	CheckVertical2                   0526            LABEL
	TryRight2                        052E            LABEL
	TryLeft2                         053C            LABEL
	TryDown2                         054A            LABEL
	TryUp2                           0558            LABEL
	EndghostInteligence2             0566            LABEL
	Random2                          056B            LABEL
	RandomDirection2                 0576            LABEL
	VerificaMovimentoGhost3          0582            LABEL
	MovimentaBaixoGhost3             0599            LABEL
	MovimentaCimaGhost3              05BF            LABEL
	MovimentaDireitaGhost3           05E5            LABEL
	MovimentaEsquerdaGhost3          060B            LABEL
	VerificaBaixoGhost3              0630            LABEL
	VerificaCimaGhost3               063E            LABEL
	VerificaDireitaGhost3            064C            LABEL
	VerificaEsquerdaGhost3           0659            LABEL
	ParedeGhost3                     0666            LABEL
	ghostInteligence3                0671            LABEL
	CheckVertical3                   0687            LABEL
	TryRight3                        068F            LABEL
	TryLeft3                         069D            LABEL
	TryDown3                         06AB            LABEL
	TryUp3                           06B9            LABEL
	EndghostInteligence3             06C7            LABEL
	Random3                          06CC            LABEL
	RandomDirection3                 06D7            LABEL
	PrintarMapa                      06E3            LABEL
	While                            06EA            LABEL
	EndWhile                         0705            LABEL
	FimPrintMapa                     070F            LABEL
	PrintPontos                      0717            LABEL
	Configura_Timer                  0746            LABEL
	Main                             0753            LABEL
	Cycle                            07B0            LABEL
	Halt                             07B1            LABEL
